# JRE version: Java(TM) SE Runtime Environment (8.0_60-b27) (build 1.8.0_60-b27)
# Java VM: Java HotSpot(TM) 64-Bit Server VM (25.60-b23 mixed mode linux-amd64 compressed oops)
Heap:
 PSYoungGen      total 36864K, used 13968K [0x00000000d6c00000, 0x00000000d9500000, 0x0000000100000000)
  eden space 31744K, 43% used [0x00000000d6c00000,0x00000000d7984118,0x00000000d8b00000)
  from space 5120K, 2% used [0x00000000d8b00000,0x00000000d8b20000,0x00000000d9000000)
  to   space 5120K, 0% used [0x00000000d9000000,0x00000000d9000000,0x00000000d9500000)
 ParOldGen       total 39424K, used 6087K [0x0000000084400000, 0x0000000086a80000, 0x00000000d6c00000)
  object space 39424K, 15% used [0x0000000084400000,0x00000000849f1d80,0x0000000086a80000)
 Metaspace       used 20942K, capacity 21128K, committed 22064K, reserved 1069056K
  class space    used 2430K, capacity 2495K, committed 2688K, reserved 1048576K
GC Heap History (8 events):
Event: 12.911 GC heap before
{Heap before GC invocations=1 (full 0):
 PSYoungGen      total 36864K, used 31530K [0x00000000d6c00000, 0x00000000d9500000, 0x0000000100000000)
  eden space 31744K, 99% used [0x00000000d6c00000,0x00000000d8aca880,0x00000000d8b00000)
  from space 5120K, 0% used [0x00000000d9000000,0x00000000d9000000,0x00000000d9500000)
  to   space 5120K, 0% used [0x00000000d8b00000,0x00000000d8b00000,0x00000000d9000000)
 ParOldGen       total 84992K, used 0K [0x0000000084400000, 0x0000000089700000, 0x00000000d6c00000)
  object space 84992K, 0% used [0x0000000084400000,0x0000000084400000,0x0000000089700000)
 Metaspace       used 20654K, capacity 21054K, committed 21296K, reserved 1069056K
  class space    used 2482K, capacity 2600K, committed 2688K, reserved 1048576K
Event: 12.920 GC heap after
Heap after GC invocations=1 (full 0):
 PSYoungGen      total 36864K, used 5098K [0x00000000d6c00000, 0x00000000d9500000, 0x0000000100000000)
  eden space 31744K, 0% used [0x00000000d6c00000,0x00000000d6c00000,0x00000000d8b00000)
  from space 5120K, 99% used [0x00000000d8b00000,0x00000000d8ffabf0,0x00000000d9000000)
  to   space 5120K, 0% used [0x00000000d9000000,0x00000000d9000000,0x00000000d9500000)
 ParOldGen       total 84992K, used 1189K [0x0000000084400000, 0x0000000089700000, 0x00000000d6c00000)
  object space 84992K, 1% used [0x0000000084400000,0x0000000084529780,0x0000000089700000)
 Metaspace       used 20654K, capacity 21054K, committed 21296K, reserved 1069056K
  class space    used 2482K, capacity 2600K, committed 2688K, reserved 1048576K
}
Event: 12.920 GC heap before
{Heap before GC invocations=2 (full 1):
 PSYoungGen      total 36864K, used 5098K [0x00000000d6c00000, 0x00000000d9500000, 0x0000000100000000)
  eden space 31744K, 0% used [0x00000000d6c00000,0x00000000d6c00000,0x00000000d8b00000)
  from space 5120K, 99% used [0x00000000d8b00000,0x00000000d8ffabf0,0x00000000d9000000)
  to   space 5120K, 0% used [0x00000000d9000000,0x00000000d9000000,0x00000000d9500000)
 ParOldGen       total 84992K, used 1189K [0x0000000084400000, 0x0000000089700000, 0x00000000d6c00000)
  object space 84992K, 1% used [0x0000000084400000,0x0000000084529780,0x0000000089700000)
 Metaspace       used 20654K, capacity 21054K, committed 21296K, reserved 1069056K
  class space    used 2482K, capacity 2600K, committed 2688K, reserved 1048576K
Event: 12.956 GC heap after
Heap after GC invocations=2 (full 1):
 PSYoungGen      total 36864K, used 0K [0x00000000d6c00000, 0x00000000d9500000, 0x0000000100000000)
  eden space 31744K, 0% used [0x00000000d6c00000,0x00000000d6c00000,0x00000000d8b00000)
  from space 5120K, 0% used [0x00000000d8b00000,0x00000000d8b00000,0x00000000d9000000)
  to   space 5120K, 0% used [0x00000000d9000000,0x00000000d9000000,0x00000000d9500000)
 ParOldGen       total 39424K, used 6071K [0x0000000084400000, 0x0000000086a80000, 0x00000000d6c00000)
  object space 39424K, 15% used [0x0000000084400000,0x00000000849edd80,0x0000000086a80000)
 Metaspace       used 20260K, capacity 20424K, committed 21296K, reserved 1069056K
  class space    used 2424K, capacity 2495K, committed 2688K, reserved 1048576K
}
Event: 14.868 GC heap before
{Heap before GC invocations=3 (full 1):
 PSYoungGen      total 36864K, used 31744K [0x00000000d6c00000, 0x00000000d9500000, 0x0000000100000000)
  eden space 31744K, 100% used [0x00000000d6c00000,0x00000000d8b00000,0x00000000d8b00000)
  from space 5120K, 0% used [0x00000000d8b00000,0x00000000d8b00000,0x00000000d9000000)
  to   space 5120K, 0% used [0x00000000d9000000,0x00000000d9000000,0x00000000d9500000)
 ParOldGen       total 39424K, used 6071K [0x0000000084400000, 0x0000000086a80000, 0x00000000d6c00000)
  object space 39424K, 15% used [0x0000000084400000,0x00000000849edd80,0x0000000086a80000)
 Metaspace       used 20799K, capacity 21000K, committed 22064K, reserved 1069056K
  class space    used 2425K, capacity 2495K, committed 2688K, reserved 1048576K
Event: 14.870 GC heap after
Heap after GC invocations=3 (full 1):
 PSYoungGen      total 36864K, used 128K [0x00000000d6c00000, 0x00000000d9500000, 0x0000000100000000)
  eden space 31744K, 0% used [0x00000000d6c00000,0x00000000d6c00000,0x00000000d8b00000)
  from space 5120K, 2% used [0x00000000d9000000,0x00000000d9020000,0x00000000d9500000)
  to   space 5120K, 0% used [0x00000000d8b00000,0x00000000d8b00000,0x00000000d9000000)
 ParOldGen       total 39424K, used 6079K [0x0000000084400000, 0x0000000086a80000, 0x00000000d6c00000)
  object space 39424K, 15% used [0x0000000084400000,0x00000000849efd80,0x0000000086a80000)
 Metaspace       used 20799K, capacity 21000K, committed 22064K, reserved 1069056K
  class space    used 2425K, capacity 2495K, committed 2688K, reserved 1048576K
}
Event: 17.361 GC heap before
{Heap before GC invocations=4 (full 1):
 PSYoungGen      total 36864K, used 31872K [0x00000000d6c00000, 0x00000000d9500000, 0x0000000100000000)
  eden space 31744K, 100% used [0x00000000d6c00000,0x00000000d8b00000,0x00000000d8b00000)
  from space 5120K, 2% used [0x00000000d9000000,0x00000000d9020000,0x00000000d9500000)
  to   space 5120K, 0% used [0x00000000d8b00000,0x00000000d8b00000,0x00000000d9000000)
 ParOldGen       total 39424K, used 6079K [0x0000000084400000, 0x0000000086a80000, 0x00000000d6c00000)
  object space 39424K, 15% used [0x0000000084400000,0x00000000849efd80,0x0000000086a80000)
 Metaspace       used 20868K, capacity 21064K, committed 22064K, reserved 1069056K
  class space    used 2426K, capacity 2495K, committed 2688K, reserved 1048576K
Event: 17.363 GC heap after
Heap after GC invocations=4 (full 1):
 PSYoungGen      total 36864K, used 128K [0x00000000d6c00000, 0x00000000d9500000, 0x0000000100000000)
  eden space 31744K, 0% used [0x00000000d6c00000,0x00000000d6c00000,0x00000000d8b00000)
  from space 5120K, 2% used [0x00000000d8b00000,0x00000000d8b20000,0x00000000d9000000)
  to   space 5120K, 0% used [0x00000000d9000000,0x00000000d9000000,0x00000000d9500000)
 ParOldGen       total 39424K, used 6087K [0x0000000084400000, 0x0000000086a80000, 0x00000000d6c00000)
  object space 39424K, 15% used [0x0000000084400000,0x00000000849f1d80,0x0000000086a80000)
 Metaspace       used 20868K, capacity 21064K, committed 22064K, reserved 1069056K
  class space    used 2426K, capacity 2495K, committed 2688K, reserved 1048576K
}

